<?xml version="1.0" encoding="UTF-8"?>
<!-- Generated by org.testng.reporters.JUnitReportReporter -->
<testsuite hostname="WIN-EV3D3VKCHEI" failures="0" tests="2" name="com.aqa.AppTest" time="0.009" errors="0" timestamp="2023-02-10T17:38:23 MSK" skipped="0">
  <testcase classname="com.aqa.AppTest" name="testlogin1" time="0.009"/>
  <system-out/>
  <testcase classname="com.aqa.AppTest" name="testlogin2" time="0.000"/>
  <system-out/>
</testsuite> <!-- com.aqa.AppTest -->
