<?xml version="1.0" encoding="UTF-8"?>
<!-- Generated by org.testng.reporters.JUnitReportReporter -->
<testsuite hostname="WIN-EV3D3VKCHEI" failures="0" tests="1" name="com.aqa.TestLogin" time="3.976" errors="0" timestamp="2023-02-10T17:38:23 MSK" skipped="0">
  <testcase classname="com.aqa.TestLogin" name="login_Test" time="3.976"/>
  <system-out/>
</testsuite> <!-- com.aqa.TestLogin -->
